<?xml version="1.0" encoding="UTF-8"?>
<testsuites>
<testsuite timestamp="2026-09-23T12:28:13" hostname="ars" package="request_cover" id="0" name="default" tests="32" errors="0" failures="0" time="3" skipped="32">
<properties>
<property name="os" value="Linux"/>
<property name="expect" value="PASS"/>
<property name="status" value="PASS"/>
</properties>
<testcase classname="default" name="build execution" time="0">
</testcase>
<testcase classname="default" name="Property ASSERT in Fr198AxiCore at design.v:3160.66-3161.41" time="0" type="ASSERT" location="design.v:3160.66-3161.41" id="$assert$design.v:3160$416">
<skipped />
</testcase>
<testcase classname="default" name="Property ASSERT in Fr198AxiCore at design.v:3182.46-3183.32" time="0" type="ASSERT" location="design.v:3182.46-3183.32" id="$assert$design.v:3182$423">
<skipped />
</testcase>
<testcase classname="default" name="Property ASSERT in Fr198AxiCore at design.v:3183.33-3184.32" time="0" type="ASSERT" location="design.v:3183.33-3184.32" id="$assert$design.v:3183$424">
<skipped />
</testcase>
<testcase classname="default" name="Property ASSERT in Fr198AxiCore at design.v:3184.33-3185.29" time="0" type="ASSERT" location="design.v:3184.33-3185.29" id="$assert$design.v:3184$425">
<skipped />
</testcase>
<testcase classname="default" name="Property ASSERT in Fr198AxiCore at design.v:3187.96-3188.31" time="0" type="ASSERT" location="design.v:3187.96-3188.31" id="$assert$design.v:3187$426">
<skipped />
</testcase>
<testcase classname="default" name="Property ASSERT in Fr198AxiCore at design.v:3188.32-3189.56" time="0" type="ASSERT" location="design.v:3188.32-3189.56" id="$assert$design.v:3188$427">
<skipped />
</testcase>
<testcase classname="default" name="Property ASSERT in Fr198AxiCore at design.v:3191.96-3192.31" time="0" type="ASSERT" location="design.v:3191.96-3192.31" id="$assert$design.v:3191$428">
<skipped />
</testcase>
<testcase classname="default" name="Property ASSERT in Fr198AxiCore at design.v:3192.32-3193.56" time="0" type="ASSERT" location="design.v:3192.32-3193.56" id="$assert$design.v:3192$429">
<skipped />
</testcase>
<testcase classname="default" name="Property ASSERT in Fr198AxiCore at design.v:3193.57-3194.56" time="0" type="ASSERT" location="design.v:3193.57-3194.56" id="$assert$design.v:3193$430">
<skipped />
</testcase>
<testcase classname="default" name="Property ASSERT in Fr198AxiCore at design.v:3196.90-3197.28" time="0" type="ASSERT" location="design.v:3196.90-3197.28" id="$assert$design.v:3196$431">
<skipped />
</testcase>
<testcase classname="default" name="Property ASSERT in Fr198AxiCore at design.v:3197.29-3198.44" time="0" type="ASSERT" location="design.v:3197.29-3198.44" id="$assert$design.v:3197$432">
<skipped />
</testcase>
<testcase classname="default" name="Property ASSERT in Fr198AxiCore at design.v:3198.45-3199.44" time="0" type="ASSERT" location="design.v:3198.45-3199.44" id="$assert$design.v:3198$433">
<skipped />
</testcase>
<testcase classname="default" name="Property ASSERT in Fr198AxiCore at design.v:3232.21-3232.63" time="0" type="ASSERT" location="design.v:3232.21-3232.63" id="$assert$design.v:3232$436">
<skipped />
</testcase>
<testcase classname="default" name="Property ASSERT in Fr198AxiCore at design.v:3233.11-3233.35" time="0" type="ASSERT" location="design.v:3233.11-3233.35" id="$assert$design.v:3233$437">
<skipped />
</testcase>
<testcase classname="default" name="Property ASSERT in Fr198AxiCore at design.v:3235.90-3236.28" time="0" type="ASSERT" location="design.v:3235.90-3236.28" id="$assert$design.v:3235$438">
<skipped />
</testcase>
<testcase classname="default" name="Property ASSERT in Fr198AxiCore at design.v:3236.29-3237.106" time="0" type="ASSERT" location="design.v:3236.29-3237.106" id="$assert$design.v:3236$439">
<skipped />
</testcase>
<testcase classname="default" name="Property ASSERT in Fr198AxiCore at design.v:3239.46-3240.29" time="0" type="ASSERT" location="design.v:3239.46-3240.29" id="$assert$design.v:3239$440">
<skipped />
</testcase>
<testcase classname="default" name="Property ASSERT in Fr198AxiCore at design.v:3240.30-3241.75" time="0" type="ASSERT" location="design.v:3240.30-3241.75" id="$assert$design.v:3240$441">
<skipped />
</testcase>
<testcase classname="default" name="Property ASSERT in Fr198AxiCore at design.v:3243.63-3244.89" time="0" type="ASSERT" location="design.v:3243.63-3244.89" id="$assert$design.v:3243$442">
<skipped />
</testcase>
<testcase classname="default" name="Property ASSERT in Fr198AxiCore at design.v:3251.86-3252.26" time="0" type="ASSERT" location="design.v:3251.86-3252.26" id="$assert$design.v:3251$446">
<skipped />
</testcase>
<testcase classname="default" name="Property ASSERT in Fr198AxiCore at design.v:3252.27-3253.90" time="0" type="ASSERT" location="design.v:3252.27-3253.90" id="$assert$design.v:3252$447">
<skipped />
</testcase>
<testcase classname="default" name="Property ASSERT in Fr198AxiCore at design.v:3257.86-3258.26" time="0" type="ASSERT" location="design.v:3257.86-3258.26" id="$assert$design.v:3257$448">
<skipped />
</testcase>
<testcase classname="default" name="Property ASSERT in Fr198AxiCore at design.v:3258.27-3259.90" time="0" type="ASSERT" location="design.v:3258.27-3259.90" id="$assert$design.v:3258$449">
<skipped />
</testcase>
<testcase classname="default" name="Property ASSERT in Fr198AxiCore at design.v:3263.86-3264.26" time="0" type="ASSERT" location="design.v:3263.86-3264.26" id="$assert$design.v:3263$450">
<skipped />
</testcase>
<testcase classname="default" name="Property ASSERT in Fr198AxiCore at design.v:3264.27-3265.90" time="0" type="ASSERT" location="design.v:3264.27-3265.90" id="$assert$design.v:3264$451">
<skipped />
</testcase>
<testcase classname="default" name="Property ASSERT in Fr198AxiCore at design.v:3269.86-3270.26" time="0" type="ASSERT" location="design.v:3269.86-3270.26" id="$assert$design.v:3269$452">
<skipped />
</testcase>
<testcase classname="default" name="Property ASSERT in Fr198AxiCore at design.v:3270.27-3271.90" time="0" type="ASSERT" location="design.v:3270.27-3271.90" id="$assert$design.v:3270$453">
<skipped />
</testcase>
<testcase classname="default" name="Property COVER in Fr198AxiCore at design.v:3200.8-3201.35" time="0" type="COVER" location="design.v:3200.8-3201.35" id="$cover$design.v:3200$434">
<skipped />
</testcase>
<testcase classname="default" name="Property COVER in Fr198AxiCore at design.v:3201.36-3202.53" time="0" type="COVER" location="design.v:3201.36-3202.53" id="$cover$design.v:3201$435">
<skipped />
</testcase>
<testcase classname="default" name="Property COVER in Fr198AxiCore at design.v:3245.8-3246.121" time="0" type="COVER" location="design.v:3245.8-3246.121" id="$cover$design.v:3245$443">
<skipped />
</testcase>
<testcase classname="default" name="Property COVER in Fr198AxiCore at design.v:3246.122-3247.120" time="0" type="COVER" location="design.v:3246.122-3247.120" id="$cover$design.v:3246$444">
<skipped />
</testcase>
<testcase classname="default" name="Property COVER in Fr198AxiCore at design.v:3247.121-3248.102" time="0" type="COVER" location="design.v:3247.121-3248.102" id="$cover$design.v:3247$445">
<skipped />
</testcase>
<system-out>SBY 12:28:10 [request_cover] Removing directory '/tmp/tmp.xdtbJZgyYH/artifacts/formal/run-2189560-1790137671516021991/request_cover'.
SBY 12:28:10 [request_cover] Copy '/tmp/tmp.xdtbJZgyYH/artifacts/formal/run-2189560-1790137671516021991/design.v' to '/tmp/tmp.xdtbJZgyYH/artifacts/formal/run-2189560-1790137671516021991/request_cover/src/design.v'.
SBY 12:28:10 [request_cover] engine_0: smtbmc --unroll z3
SBY 12:28:10 [request_cover] base: starting process &quot;cd request_cover/src; yosys -ql ../model/design.log ../model/design.ys&quot;
SBY 12:28:10 [request_cover] base: Warning: Wire Fr198Gpio.\rsp_valid is used but has no driver.
SBY 12:28:10 [request_cover] base: Warning: Wire Fr198Gpio.\req_ready is used but has no driver.
SBY 12:28:10 [request_cover] base: Warning: Wire Fr198Gpio.\rdata [31] is used but has no driver.
SBY 12:28:10 [request_cover] base: Warning: Wire Fr198Gpio.\rdata [30] is used but has no driver.
SBY 12:28:10 [request_cover] base: Warning: Wire Fr198Gpio.\rdata [29] is used but has no driver.
SBY 12:28:10 [request_cover] base: Warning: Wire Fr198Gpio.\rdata [28] is used but has no driver.
SBY 12:28:10 [request_cover] base: Warning: Wire Fr198Gpio.\rdata [27] is used but has no driver.
SBY 12:28:10 [request_cover] base: Warning: Wire Fr198Gpio.\rdata [26] is used but has no driver.
SBY 12:28:10 [request_cover] base: Warning: Wire Fr198Gpio.\rdata [25] is used but has no driver.
SBY 12:28:10 [request_cover] base: Warning: Wire Fr198Gpio.\rdata [24] is used but has no driver.
SBY 12:28:10 [request_cover] base: Warning: Wire Fr198Gpio.\rdata [23] is used but has no driver.
SBY 12:28:10 [request_cover] base: Warning: Wire Fr198Gpio.\rdata [22] is used but has no driver.
SBY 12:28:10 [request_cover] base: Warning: Wire Fr198Gpio.\rdata [21] is used but has no driver.
SBY 12:28:10 [request_cover] base: Warning: Wire Fr198Gpio.\rdata [20] is used but has no driver.
SBY 12:28:10 [request_cover] base: Warning: Wire Fr198Gpio.\rdata [19] is used but has no driver.
SBY 12:28:10 [request_cover] base: Warning: Wire Fr198Gpio.\rdata [18] is used but has no driver.
SBY 12:28:10 [request_cover] base: Warning: Wire Fr198Gpio.\rdata [17] is used but has no driver.
SBY 12:28:10 [request_cover] base: Warning: Wire Fr198Gpio.\rdata [16] is used but has no driver.
SBY 12:28:10 [request_cover] base: Warning: Wire Fr198Gpio.\rdata [15] is used but has no driver.
SBY 12:28:10 [request_cover] base: Warning: Wire Fr198Gpio.\rdata [14] is used but has no driver.
SBY 12:28:10 [request_cover] base: Warning: Wire Fr198Gpio.\rdata [13] is used but has no driver.
SBY 12:28:10 [request_cover] base: Warning: Wire Fr198Gpio.\rdata [12] is used but has no driver.
SBY 12:28:10 [request_cover] base: Warning: Wire Fr198Gpio.\rdata [11] is used but has no driver.
SBY 12:28:10 [request_cover] base: Warning: Wire Fr198Gpio.\rdata [10] is used but has no driver.
SBY 12:28:10 [request_cover] base: Warning: Wire Fr198Gpio.\rdata [9] is used but has no driver.
SBY 12:28:10 [request_cover] base: Warning: Wire Fr198Gpio.\rdata [8] is used but has no driver.
SBY 12:28:10 [request_cover] base: Warning: Wire Fr198Gpio.\rdata [7] is used but has no driver.
SBY 12:28:10 [request_cover] base: Warning: Wire Fr198Gpio.\rdata [6] is used but has no driver.
SBY 12:28:10 [request_cover] base: Warning: Wire Fr198Gpio.\rdata [5] is used but has no driver.
SBY 12:28:10 [request_cover] base: Warning: Wire Fr198Gpio.\rdata [4] is used but has no driver.
SBY 12:28:10 [request_cover] base: Warning: Wire Fr198Gpio.\rdata [3] is used but has no driver.
SBY 12:28:10 [request_cover] base: Warning: Wire Fr198Gpio.\rdata [2] is used but has no driver.
SBY 12:28:10 [request_cover] base: Warning: Wire Fr198Gpio.\rdata [1] is used but has no driver.
SBY 12:28:10 [request_cover] base: Warning: Wire Fr198Gpio.\rdata [0] is used but has no driver.
SBY 12:28:10 [request_cover] base: Warning: Wire Fr198Gpio.\raw_event is used but has no driver.
SBY 12:28:10 [request_cover] base: Warning: Wire Fr198Gpio.\pad_out [31] is used but has no driver.
SBY 12:28:10 [request_cover] base: Warning: Wire Fr198Gpio.\pad_out [30] is used but has no driver.
SBY 12:28:10 [request_cover] base: Warning: Wire Fr198Gpio.\pad_out [29] is used but has no driver.
SBY 12:28:10 [request_cover] base: Warning: Wire Fr198Gpio.\pad_out [28] is used but has no driver.
SBY 12:28:10 [request_cover] base: Warning: Wire Fr198Gpio.\pad_out [27] is used but has no driver.
SBY 12:28:10 [request_cover] base: Warning: Wire Fr198Gpio.\pad_out [26] is used but has no driver.
SBY 12:28:10 [request_cover] base: Warning: Wire Fr198Gpio.\pad_out [25] is used but has no driver.
SBY 12:28:10 [request_cover] base: Warning: Wire Fr198Gpio.\pad_out [24] is used but has no driver.
SBY 12:28:10 [request_cover] base: Warning: Wire Fr198Gpio.\pad_out [23] is used but has no driver.
SBY 12:28:10 [request_cover] base: Warning: Wire Fr198Gpio.\pad_out [22] is used but has no driver.
SBY 12:28:10 [request_cover] base: Warning: Wire Fr198Gpio.\pad_out [21] is used but has no driver.
SBY 12:28:10 [request_cover] base: Warning: Wire Fr198Gpio.\pad_out [20] is used but has no driver.
SBY 12:28:10 [request_cover] base: Warning: Wire Fr198Gpio.\pad_out [19] is used but has no driver.
SBY 12:28:10 [request_cover] base: Warning: Wire Fr198Gpio.\pad_out [18] is used but has no driver.
SBY 12:28:10 [request_cover] base: Warning: Wire Fr198Gpio.\pad_out [17] is used but has no driver.
SBY 12:28:10 [request_cover] base: Warning: Wire Fr198Gpio.\pad_out [16] is used but has no driver.
SBY 12:28:10 [request_cover] base: Warning: Wire Fr198Gpio.\pad_out [15] is used but has no driver.
SBY 12:28:10 [request_cover] base: Warning: Wire Fr198Gpio.\pad_out [14] is used but has no driver.
SBY 12:28:10 [request_cover] base: Warning: Wire Fr198Gpio.\pad_out [13] is used but has no driver.
SBY 12:28:10 [request_cover] base: Warning: Wire Fr198Gpio.\pad_out [12] is used but has no driver.
SBY 12:28:10 [request_cover] base: Warning: Wire Fr198Gpio.\pad_out [11] is used but has no driver.
SBY 12:28:10 [request_cover] base: Warning: Wire Fr198Gpio.\pad_out [10] is used but has no driver.
SBY 12:28:10 [request_cover] base: Warning: Wire Fr198Gpio.\pad_out [9] is used but has no driver.
SBY 12:28:10 [request_cover] base: Warning: Wire Fr198Gpio.\pad_out [8] is used but has no driver.
SBY 12:28:10 [request_cover] base: Warning: Wire Fr198Gpio.\pad_out [7] is used but has no driver.
SBY 12:28:10 [request_cover] base: Warning: Wire Fr198Gpio.\pad_out [6] is used but has no driver.
SBY 12:28:10 [request_cover] base: Warning: Wire Fr198Gpio.\pad_out [5] is used but has no driver.
SBY 12:28:10 [request_cover] base: Warning: Wire Fr198Gpio.\pad_out [4] is used but has no driver.
SBY 12:28:10 [request_cover] base: Warning: Wire Fr198Gpio.\pad_out [3] is used but has no driver.
SBY 12:28:10 [request_cover] base: Warning: Wire Fr198Gpio.\pad_out [2] is used but has no driver.
SBY 12:28:10 [request_cover] base: Warning: Wire Fr198Gpio.\pad_out [1] is used but has no driver.
SBY 12:28:10 [request_cover] base: Warning: Wire Fr198Gpio.\pad_out [0] is used but has no driver.
SBY 12:28:10 [request_cover] base: Warning: Wire Fr198Gpio.\pad_oe [31] is used but has no driver.
SBY 12:28:10 [request_cover] base: Warning: Wire Fr198Gpio.\pad_oe [30] is used but has no driver.
SBY 12:28:10 [request_cover] base: Warning: Wire Fr198Gpio.\pad_oe [29] is used but has no driver.
SBY 12:28:10 [request_cover] base: Warning: Wire Fr198Gpio.\pad_oe [28] is used but has no driver.
SBY 12:28:10 [request_cover] base: Warning: Wire Fr198Gpio.\pad_oe [27] is used but has no driver.
SBY 12:28:10 [request_cover] base: Warning: Wire Fr198Gpio.\pad_oe [26] is used but has no driver.
SBY 12:28:10 [request_cover] base: Warning: Wire Fr198Gpio.\pad_oe [25] is used but has no driver.
SBY 12:28:10 [request_cover] base: Warning: Wire Fr198Gpio.\pad_oe [24] is used but has no driver.
SBY 12:28:10 [request_cover] base: Warning: Wire Fr198Gpio.\pad_oe [23] is used but has no driver.
SBY 12:28:10 [request_cover] base: Warning: Wire Fr198Gpio.\pad_oe [22] is used but has no driver.
SBY 12:28:10 [request_cover] base: Warning: Wire Fr198Gpio.\pad_oe [21] is used but has no driver.
SBY 12:28:10 [request_cover] base: Warning: Wire Fr198Gpio.\pad_oe [20] is used but has no driver.
SBY 12:28:10 [request_cover] base: Warning: Wire Fr198Gpio.\pad_oe [19] is used but has no driver.
SBY 12:28:10 [request_cover] base: Warning: Wire Fr198Gpio.\pad_oe [18] is used but has no driver.
SBY 12:28:10 [request_cover] base: Warning: Wire Fr198Gpio.\pad_oe [17] is used but has no driver.
SBY 12:28:10 [request_cover] base: Warning: Wire Fr198Gpio.\pad_oe [16] is used but has no driver.
SBY 12:28:10 [request_cover] base: Warning: Wire Fr198Gpio.\pad_oe [15] is used but has no driver.
SBY 12:28:10 [request_cover] base: Warning: Wire Fr198Gpio.\pad_oe [14] is used but has no driver.
SBY 12:28:10 [request_cover] base: Warning: Wire Fr198Gpio.\pad_oe [13] is used but has no driver.
SBY 12:28:10 [request_cover] base: Warning: Wire Fr198Gpio.\pad_oe [12] is used but has no driver.
SBY 12:28:10 [request_cover] base: Warning: Wire Fr198Gpio.\pad_oe [11] is used but has no driver.
SBY 12:28:10 [request_cover] base: Warning: Wire Fr198Gpio.\pad_oe [10] is used but has no driver.
SBY 12:28:10 [request_cover] base: Warning: Wire Fr198Gpio.\pad_oe [9] is used but has no driver.
SBY 12:28:10 [request_cover] base: Warning: Wire Fr198Gpio.\pad_oe [8] is used but has no driver.
SBY 12:28:10 [request_cover] base: Warning: Wire Fr198Gpio.\pad_oe [7] is used but has no driver.
SBY 12:28:10 [request_cover] base: Warning: Wire Fr198Gpio.\pad_oe [6] is used but has no driver.
SBY 12:28:10 [request_cover] base: Warning: Wire Fr198Gpio.\pad_oe [5] is used but has no driver.
SBY 12:28:10 [request_cover] base: Warning: Wire Fr198Gpio.\pad_oe [4] is used but has no driver.
SBY 12:28:10 [request_cover] base: Warning: Wire Fr198Gpio.\pad_oe [3] is used but has no driver.
SBY 12:28:10 [request_cover] base: Warning: Wire Fr198Gpio.\pad_oe [2] is used but has no driver.
SBY 12:28:10 [request_cover] base: Warning: Wire Fr198Gpio.\pad_oe [1] is used but has no driver.
SBY 12:28:10 [request_cover] base: Warning: Wire Fr198Gpio.\pad_oe [0] is used but has no driver.
SBY 12:28:10 [request_cover] base: Warning: Wire Fr198Gpio.\error [1] is used but has no driver.
SBY 12:28:10 [request_cover] base: Warning: Wire Fr198Gpio.\error [0] is used but has no driver.
SBY 12:28:10 [request_cover] base: Warning: Wire Fr198Irq.\rsp_valid is used but has no driver.
SBY 12:28:10 [request_cover] base: Warning: Wire Fr198Irq.\req_ready is used but has no driver.
SBY 12:28:10 [request_cover] base: Warning: Wire Fr198Irq.\rdata [31] is used but has no driver.
SBY 12:28:10 [request_cover] base: Warning: Wire Fr198Irq.\rdata [30] is used but has no driver.
SBY 12:28:10 [request_cover] base: Warning: Wire Fr198Irq.\rdata [29] is used but has no driver.
SBY 12:28:10 [request_cover] base: Warning: Wire Fr198Irq.\rdata [28] is used but has no driver.
SBY 12:28:10 [request_cover] base: Warning: Wire Fr198Irq.\rdata [27] is used but has no driver.
SBY 12:28:10 [request_cover] base: Warning: Wire Fr198Irq.\rdata [26] is used but has no driver.
SBY 12:28:10 [request_cover] base: Warning: Wire Fr198Irq.\rdata [25] is used but has no driver.
SBY 12:28:10 [request_cover] base: Warning: Wire Fr198Irq.\rdata [24] is used but has no driver.
SBY 12:28:10 [request_cover] base: Warning: Wire Fr198Irq.\rdata [23] is used but has no driver.
SBY 12:28:10 [request_cover] base: Warning: Wire Fr198Irq.\rdata [22] is used but has no driver.
SBY 12:28:10 [request_cover] base: Warning: Wire Fr198Irq.\rdata [21] is used but has no driver.
SBY 12:28:10 [request_cover] base: Warning: Wire Fr198Irq.\rdata [20] is used but has no driver.
SBY 12:28:10 [request_cover] base: Warning: Wire Fr198Irq.\rdata [19] is used but has no driver.
SBY 12:28:10 [request_cover] base: Warning: Wire Fr198Irq.\rdata [18] is used but has no driver.
SBY 12:28:10 [request_cover] base: Warning: Wire Fr198Irq.\rdata [17] is used but has no driver.
SBY 12:28:10 [request_cover] base: Warning: Wire Fr198Irq.\rdata [16] is used but has no driver.
SBY 12:28:10 [request_cover] base: Warning: Wire Fr198Irq.\rdata [15] is used but has no driver.
SBY 12:28:10 [request_cover] base: Warning: Wire Fr198Irq.\rdata [14] is used but has no driver.
SBY 12:28:10 [request_cover] base: Warning: Wire Fr198Irq.\rdata [13] is used but has no driver.
SBY 12:28:10 [request_cover] base: Warning: Wire Fr198Irq.\rdata [12] is used but has no driver.
SBY 12:28:10 [request_cover] base: Warning: Wire Fr198Irq.\rdata [11] is used but has no driver.
SBY 12:28:10 [request_cover] base: Warning: Wire Fr198Irq.\rdata [10] is used but has no driver.
SBY 12:28:10 [request_cover] base: Warning: Wire Fr198Irq.\rdata [9] is used but has no driver.
SBY 12:28:10 [request_cover] base: Warning: Wire Fr198Irq.\rdata [8] is used but has no driver.
SBY 12:28:10 [request_cover] base: Warning: Wire Fr198Irq.\rdata [7] is used but has no driver.
SBY 12:28:10 [request_cover] base: Warning: Wire Fr198Irq.\rdata [6] is used but has no driver.
SBY 12:28:10 [request_cover] base: Warning: Wire Fr198Irq.\rdata [5] is used but has no driver.
SBY 12:28:10 [request_cover] base: Warning: Wire Fr198Irq.\rdata [4] is used but has no driver.
SBY 12:28:10 [request_cover] base: Warning: Wire Fr198Irq.\rdata [3] is used but has no driver.
SBY 12:28:10 [request_cover] base: Warning: Wire Fr198Irq.\rdata [2] is used but has no driver.
SBY 12:28:10 [request_cover] base: Warning: Wire Fr198Irq.\rdata [1] is used but has no driver.
SBY 12:28:10 [request_cover] base: Warning: Wire Fr198Irq.\rdata [0] is used but has no driver.
SBY 12:28:10 [request_cover] base: Warning: Wire Fr198Irq.\irq is used but has no driver.
SBY 12:28:10 [request_cover] base: Warning: Wire Fr198Irq.\error [1] is used but has no driver.
SBY 12:28:10 [request_cover] base: Warning: Wire Fr198Irq.\error [0] is used but has no driver.
SBY 12:28:10 [request_cover] base: Warning: Wire Fr198Timer.\rsp_valid is used but has no driver.
SBY 12:28:10 [request_cover] base: Warning: Wire Fr198Timer.\req_ready is used but has no driver.
SBY 12:28:10 [request_cover] base: Warning: Wire Fr198Timer.\rdata [31] is used but has no driver.
SBY 12:28:10 [request_cover] base: Warning: Wire Fr198Timer.\rdata [30] is used but has no driver.
SBY 12:28:10 [request_cover] base: Warning: Wire Fr198Timer.\rdata [29] is used but has no driver.
SBY 12:28:10 [request_cover] base: Warning: Wire Fr198Timer.\rdata [28] is used but has no driver.
SBY 12:28:10 [request_cover] base: Warning: Wire Fr198Timer.\rdata [27] is used but has no driver.
SBY 12:28:10 [request_cover] base: Warning: Wire Fr198Timer.\rdata [26] is used but has no driver.
SBY 12:28:10 [request_cover] base: Warning: Wire Fr198Timer.\rdata [25] is used but has no driver.
SBY 12:28:10 [request_cover] base: Warning: Wire Fr198Timer.\rdata [24] is used but has no driver.
SBY 12:28:10 [request_cover] base: Warning: Wire Fr198Timer.\rdata [23] is used but has no driver.
SBY 12:28:10 [request_cover] base: Warning: Wire Fr198Timer.\rdata [22] is used but has no driver.
SBY 12:28:10 [request_cover] base: Warning: Wire Fr198Timer.\rdata [21] is used but has no driver.
SBY 12:28:10 [request_cover] base: Warning: Wire Fr198Timer.\rdata [20] is used but has no driver.
SBY 12:28:10 [request_cover] base: Warning: Wire Fr198Timer.\rdata [19] is used but has no driver.
SBY 12:28:10 [request_cover] base: Warning: Wire Fr198Timer.\rdata [18] is used but has no driver.
SBY 12:28:10 [request_cover] base: Warning: Wire Fr198Timer.\rdata [17] is used but has no driver.
SBY 12:28:10 [request_cover] base: Warning: Wire Fr198Timer.\rdata [16] is used but has no driver.
SBY 12:28:10 [request_cover] base: Warning: Wire Fr198Timer.\rdata [15] is used but has no driver.
SBY 12:28:10 [request_cover] base: Warning: Wire Fr198Timer.\rdata [14] is used but has no driver.
SBY 12:28:10 [request_cover] base: Warning: Wire Fr198Timer.\rdata [13] is used but has no driver.
SBY 12:28:10 [request_cover] base: Warning: Wire Fr198Timer.\rdata [12] is used but has no driver.
SBY 12:28:10 [request_cover] base: Warning: Wire Fr198Timer.\rdata [11] is used but has no driver.
SBY 12:28:10 [request_cover] base: Warning: Wire Fr198Timer.\rdata [10] is used but has no driver.
SBY 12:28:10 [request_cover] base: Warning: Wire Fr198Timer.\rdata [9] is used but has no driver.
SBY 12:28:10 [request_cover] base: Warning: Wire Fr198Timer.\rdata [8] is used but has no driver.
SBY 12:28:10 [request_cover] base: Warning: Wire Fr198Timer.\rdata [7] is used but has no driver.
SBY 12:28:10 [request_cover] base: Warning: Wire Fr198Timer.\rdata [6] is used but has no driver.
SBY 12:28:10 [request_cover] base: Warning: Wire Fr198Timer.\rdata [5] is used but has no driver.
SBY 12:28:10 [request_cover] base: Warning: Wire Fr198Timer.\rdata [4] is used but has no driver.
SBY 12:28:10 [request_cover] base: Warning: Wire Fr198Timer.\rdata [3] is used but has no driver.
SBY 12:28:10 [request_cover] base: Warning: Wire Fr198Timer.\rdata [2] is used but has no driver.
SBY 12:28:10 [request_cover] base: Warning: Wire Fr198Timer.\rdata [1] is used but has no driver.
SBY 12:28:10 [request_cover] base: Warning: Wire Fr198Timer.\rdata [0] is used but has no driver.
SBY 12:28:10 [request_cover] base: Warning: Wire Fr198Timer.\match_event is used but has no driver.
SBY 12:28:10 [request_cover] base: Warning: Wire Fr198Timer.\error [1] is used but has no driver.
SBY 12:28:10 [request_cover] base: Warning: Wire Fr198Timer.\error [0] is used but has no driver.
SBY 12:28:10 [request_cover] base: Warning: Wire Fr198Uart.\tx is used but has no driver.
SBY 12:28:10 [request_cover] base: Warning: Wire Fr198Uart.\rsp_valid is used but has no driver.
SBY 12:28:10 [request_cover] base: Warning: Wire Fr198Uart.\req_ready is used but has no driver.
SBY 12:28:10 [request_cover] base: Warning: Wire Fr198Uart.\rdata [31] is used but has no driver.
SBY 12:28:10 [request_cover] base: Warning: Wire Fr198Uart.\rdata [30] is used but has no driver.
SBY 12:28:10 [request_cover] base: Warning: Wire Fr198Uart.\rdata [29] is used but has no driver.
SBY 12:28:10 [request_cover] base: Warning: Wire Fr198Uart.\rdata [28] is used but has no driver.
SBY 12:28:10 [request_cover] base: Warning: Wire Fr198Uart.\rdata [27] is used but has no driver.
SBY 12:28:10 [request_cover] base: Warning: Wire Fr198Uart.\rdata [26] is used but has no driver.
SBY 12:28:10 [request_cover] base: Warning: Wire Fr198Uart.\rdata [25] is used but has no driver.
SBY 12:28:10 [request_cover] base: Warning: Wire Fr198Uart.\rdata [24] is used but has no driver.
SBY 12:28:10 [request_cover] base: Warning: Wire Fr198Uart.\rdata [23] is used but has no driver.
SBY 12:28:10 [request_cover] base: Warning: Wire Fr198Uart.\rdata [22] is used but has no driver.
SBY 12:28:10 [request_cover] base: Warning: Wire Fr198Uart.\rdata [21] is used but has no driver.
SBY 12:28:10 [request_cover] base: Warning: Wire Fr198Uart.\rdata [20] is used but has no driver.
SBY 12:28:10 [request_cover] base: Warning: Wire Fr198Uart.\rdata [19] is used but has no driver.
SBY 12:28:10 [request_cover] base: Warning: Wire Fr198Uart.\rdata [18] is used but has no driver.
SBY 12:28:10 [request_cover] base: Warning: Wire Fr198Uart.\rdata [17] is used but has no driver.
SBY 12:28:10 [request_cover] base: Warning: Wire Fr198Uart.\rdata [16] is used but has no driver.
SBY 12:28:10 [request_cover] base: Warning: Wire Fr198Uart.\rdata [15] is used but has no driver.
SBY 12:28:10 [request_cover] base: Warning: Wire Fr198Uart.\rdata [14] is used but has no driver.
SBY 12:28:10 [request_cover] base: Warning: Wire Fr198Uart.\rdata [13] is used but has no driver.
SBY 12:28:10 [request_cover] base: Warning: Wire Fr198Uart.\rdata [12] is used but has no driver.
SBY 12:28:10 [request_cover] base: Warning: Wire Fr198Uart.\rdata [11] is used but has no driver.
SBY 12:28:10 [request_cover] base: Warning: Wire Fr198Uart.\rdata [10] is used but has no driver.
SBY 12:28:10 [request_cover] base: Warning: Wire Fr198Uart.\rdata [9] is used but has no driver.
SBY 12:28:10 [request_cover] base: Warning: Wire Fr198Uart.\rdata [8] is used but has no driver.
SBY 12:28:10 [request_cover] base: Warning: Wire Fr198Uart.\rdata [7] is used but has no driver.
SBY 12:28:10 [request_cover] base: Warning: Wire Fr198Uart.\rdata [6] is used but has no driver.
SBY 12:28:10 [request_cover] base: Warning: Wire Fr198Uart.\rdata [5] is used but has no driver.
SBY 12:28:10 [request_cover] base: Warning: Wire Fr198Uart.\rdata [4] is used but has no driver.
SBY 12:28:10 [request_cover] base: Warning: Wire Fr198Uart.\rdata [3] is used but has no driver.
SBY 12:28:10 [request_cover] base: Warning: Wire Fr198Uart.\rdata [2] is used but has no driver.
SBY 12:28:10 [request_cover] base: Warning: Wire Fr198Uart.\rdata [1] is used but has no driver.
SBY 12:28:10 [request_cover] base: Warning: Wire Fr198Uart.\rdata [0] is used but has no driver.
SBY 12:28:10 [request_cover] base: Warning: Wire Fr198Uart.\raw_events [3] is used but has no driver.
SBY 12:28:10 [request_cover] base: Warning: Wire Fr198Uart.\raw_events [2] is used but has no driver.
SBY 12:28:10 [request_cover] base: Warning: Wire Fr198Uart.\raw_events [1] is used but has no driver.
SBY 12:28:10 [request_cover] base: Warning: Wire Fr198Uart.\raw_events [0] is used but has no driver.
SBY 12:28:10 [request_cover] base: Warning: Wire Fr198Uart.\error [1] is used but has no driver.
SBY 12:28:10 [request_cover] base: Warning: Wire Fr198Uart.\error [0] is used but has no driver.
SBY 12:28:10 [request_cover] base: finished (returncode=0)
SBY 12:28:10 [request_cover] prep: starting process &quot;cd request_cover/model; yosys -ql design_prep.log design_prep.ys&quot;
SBY 12:28:10 [request_cover] prep: Warning: Wire Fr198Gpio.\rsp_valid is used but has no driver.
SBY 12:28:10 [request_cover] prep: Warning: Wire Fr198Gpio.\req_ready is used but has no driver.
SBY 12:28:10 [request_cover] prep: Warning: Wire Fr198Gpio.\rdata [31] is used but has no driver.
SBY 12:28:10 [request_cover] prep: Warning: Wire Fr198Gpio.\rdata [30] is used but has no driver.
SBY 12:28:10 [request_cover] prep: Warning: Wire Fr198Gpio.\rdata [29] is used but has no driver.
SBY 12:28:10 [request_cover] prep: Warning: Wire Fr198Gpio.\rdata [28] is used but has no driver.
SBY 12:28:10 [request_cover] prep: Warning: Wire Fr198Gpio.\rdata [27] is used but has no driver.
SBY 12:28:10 [request_cover] prep: Warning: Wire Fr198Gpio.\rdata [26] is used but has no driver.
SBY 12:28:10 [request_cover] prep: Warning: Wire Fr198Gpio.\rdata [25] is used but has no driver.
SBY 12:28:10 [request_cover] prep: Warning: Wire Fr198Gpio.\rdata [24] is used but has no driver.
SBY 12:28:10 [request_cover] prep: Warning: Wire Fr198Gpio.\rdata [23] is used but has no driver.
SBY 12:28:10 [request_cover] prep: Warning: Wire Fr198Gpio.\rdata [22] is used but has no driver.
SBY 12:28:10 [request_cover] prep: Warning: Wire Fr198Gpio.\rdata [21] is used but has no driver.
SBY 12:28:10 [request_cover] prep: Warning: Wire Fr198Gpio.\rdata [20] is used but has no driver.
SBY 12:28:10 [request_cover] prep: Warning: Wire Fr198Gpio.\rdata [19] is used but has no driver.
SBY 12:28:10 [request_cover] prep: Warning: Wire Fr198Gpio.\rdata [18] is used but has no driver.
SBY 12:28:10 [request_cover] prep: Warning: Wire Fr198Gpio.\rdata [17] is used but has no driver.
SBY 12:28:10 [request_cover] prep: Warning: Wire Fr198Gpio.\rdata [16] is used but has no driver.
SBY 12:28:10 [request_cover] prep: Warning: Wire Fr198Gpio.\rdata [15] is used but has no driver.
SBY 12:28:10 [request_cover] prep: Warning: Wire Fr198Gpio.\rdata [14] is used but has no driver.
SBY 12:28:10 [request_cover] prep: Warning: Wire Fr198Gpio.\rdata [13] is used but has no driver.
SBY 12:28:10 [request_cover] prep: Warning: Wire Fr198Gpio.\rdata [12] is used but has no driver.
SBY 12:28:10 [request_cover] prep: Warning: Wire Fr198Gpio.\rdata [11] is used but has no driver.
SBY 12:28:10 [request_cover] prep: Warning: Wire Fr198Gpio.\rdata [10] is used but has no driver.
SBY 12:28:10 [request_cover] prep: Warning: Wire Fr198Gpio.\rdata [9] is used but has no driver.
SBY 12:28:10 [request_cover] prep: Warning: Wire Fr198Gpio.\rdata [8] is used but has no driver.
SBY 12:28:10 [request_cover] prep: Warning: Wire Fr198Gpio.\rdata [7] is used but has no driver.
SBY 12:28:10 [request_cover] prep: Warning: Wire Fr198Gpio.\rdata [6] is used but has no driver.
SBY 12:28:10 [request_cover] prep: Warning: Wire Fr198Gpio.\rdata [5] is used but has no driver.
SBY 12:28:10 [request_cover] prep: Warning: Wire Fr198Gpio.\rdata [4] is used but has no driver.
SBY 12:28:10 [request_cover] prep: Warning: Wire Fr198Gpio.\rdata [3] is used but has no driver.
SBY 12:28:10 [request_cover] prep: Warning: Wire Fr198Gpio.\rdata [2] is used but has no driver.
SBY 12:28:10 [request_cover] prep: Warning: Wire Fr198Gpio.\rdata [1] is used but has no driver.
SBY 12:28:10 [request_cover] prep: Warning: Wire Fr198Gpio.\rdata [0] is used but has no driver.
SBY 12:28:10 [request_cover] prep: Warning: Wire Fr198Gpio.\raw_event is used but has no driver.
SBY 12:28:10 [request_cover] prep: Warning: Wire Fr198Gpio.\pad_out [31] is used but has no driver.
SBY 12:28:10 [request_cover] prep: Warning: Wire Fr198Gpio.\pad_out [30] is used but has no driver.
SBY 12:28:10 [request_cover] prep: Warning: Wire Fr198Gpio.\pad_out [29] is used but has no driver.
SBY 12:28:10 [request_cover] prep: Warning: Wire Fr198Gpio.\pad_out [28] is used but has no driver.
SBY 12:28:10 [request_cover] prep: Warning: Wire Fr198Gpio.\pad_out [27] is used but has no driver.
SBY 12:28:10 [request_cover] prep: Warning: Wire Fr198Gpio.\pad_out [26] is used but has no driver.
SBY 12:28:10 [request_cover] prep: Warning: Wire Fr198Gpio.\pad_out [25] is used but has no driver.
SBY 12:28:10 [request_cover] prep: Warning: Wire Fr198Gpio.\pad_out [24] is used but has no driver.
SBY 12:28:10 [request_cover] prep: Warning: Wire Fr198Gpio.\pad_out [23] is used but has no driver.
SBY 12:28:10 [request_cover] prep: Warning: Wire Fr198Gpio.\pad_out [22] is used but has no driver.
SBY 12:28:10 [request_cover] prep: Warning: Wire Fr198Gpio.\pad_out [21] is used but has no driver.
SBY 12:28:10 [request_cover] prep: Warning: Wire Fr198Gpio.\pad_out [20] is used but has no driver.
SBY 12:28:10 [request_cover] prep: Warning: Wire Fr198Gpio.\pad_out [19] is used but has no driver.
SBY 12:28:10 [request_cover] prep: Warning: Wire Fr198Gpio.\pad_out [18] is used but has no driver.
SBY 12:28:10 [request_cover] prep: Warning: Wire Fr198Gpio.\pad_out [17] is used but has no driver.
SBY 12:28:10 [request_cover] prep: Warning: Wire Fr198Gpio.\pad_out [16] is used but has no driver.
SBY 12:28:10 [request_cover] prep: Warning: Wire Fr198Gpio.\pad_out [15] is used but has no driver.
SBY 12:28:10 [request_cover] prep: Warning: Wire Fr198Gpio.\pad_out [14] is used but has no driver.
SBY 12:28:10 [request_cover] prep: Warning: Wire Fr198Gpio.\pad_out [13] is used but has no driver.
SBY 12:28:10 [request_cover] prep: Warning: Wire Fr198Gpio.\pad_out [12] is used but has no driver.
SBY 12:28:10 [request_cover] prep: Warning: Wire Fr198Gpio.\pad_out [11] is used but has no driver.
SBY 12:28:10 [request_cover] prep: Warning: Wire Fr198Gpio.\pad_out [10] is used but has no driver.
SBY 12:28:10 [request_cover] prep: Warning: Wire Fr198Gpio.\pad_out [9] is used but has no driver.
SBY 12:28:10 [request_cover] prep: Warning: Wire Fr198Gpio.\pad_out [8] is used but has no driver.
SBY 12:28:10 [request_cover] prep: Warning: Wire Fr198Gpio.\pad_out [7] is used but has no driver.
SBY 12:28:10 [request_cover] prep: Warning: Wire Fr198Gpio.\pad_out [6] is used but has no driver.
SBY 12:28:10 [request_cover] prep: Warning: Wire Fr198Gpio.\pad_out [5] is used but has no driver.
SBY 12:28:10 [request_cover] prep: Warning: Wire Fr198Gpio.\pad_out [4] is used but has no driver.
SBY 12:28:10 [request_cover] prep: Warning: Wire Fr198Gpio.\pad_out [3] is used but has no driver.
SBY 12:28:10 [request_cover] prep: Warning: Wire Fr198Gpio.\pad_out [2] is used but has no driver.
SBY 12:28:10 [request_cover] prep: Warning: Wire Fr198Gpio.\pad_out [1] is used but has no driver.
SBY 12:28:10 [request_cover] prep: Warning: Wire Fr198Gpio.\pad_out [0] is used but has no driver.
SBY 12:28:10 [request_cover] prep: Warning: Wire Fr198Gpio.\pad_oe [31] is used but has no driver.
SBY 12:28:10 [request_cover] prep: Warning: Wire Fr198Gpio.\pad_oe [30] is used but has no driver.
SBY 12:28:10 [request_cover] prep: Warning: Wire Fr198Gpio.\pad_oe [29] is used but has no driver.
SBY 12:28:10 [request_cover] prep: Warning: Wire Fr198Gpio.\pad_oe [28] is used but has no driver.
SBY 12:28:10 [request_cover] prep: Warning: Wire Fr198Gpio.\pad_oe [27] is used but has no driver.
SBY 12:28:10 [request_cover] prep: Warning: Wire Fr198Gpio.\pad_oe [26] is used but has no driver.
SBY 12:28:10 [request_cover] prep: Warning: Wire Fr198Gpio.\pad_oe [25] is used but has no driver.
SBY 12:28:10 [request_cover] prep: Warning: Wire Fr198Gpio.\pad_oe [24] is used but has no driver.
SBY 12:28:10 [request_cover] prep: Warning: Wire Fr198Gpio.\pad_oe [23] is used but has no driver.
SBY 12:28:10 [request_cover] prep: Warning: Wire Fr198Gpio.\pad_oe [22] is used but has no driver.
SBY 12:28:10 [request_cover] prep: Warning: Wire Fr198Gpio.\pad_oe [21] is used but has no driver.
SBY 12:28:10 [request_cover] prep: Warning: Wire Fr198Gpio.\pad_oe [20] is used but has no driver.
SBY 12:28:10 [request_cover] prep: Warning: Wire Fr198Gpio.\pad_oe [19] is used but has no driver.
SBY 12:28:10 [request_cover] prep: Warning: Wire Fr198Gpio.\pad_oe [18] is used but has no driver.
SBY 12:28:10 [request_cover] prep: Warning: Wire Fr198Gpio.\pad_oe [17] is used but has no driver.
SBY 12:28:10 [request_cover] prep: Warning: Wire Fr198Gpio.\pad_oe [16] is used but has no driver.
SBY 12:28:10 [request_cover] prep: Warning: Wire Fr198Gpio.\pad_oe [15] is used but has no driver.
SBY 12:28:10 [request_cover] prep: Warning: Wire Fr198Gpio.\pad_oe [14] is used but has no driver.
SBY 12:28:10 [request_cover] prep: Warning: Wire Fr198Gpio.\pad_oe [13] is used but has no driver.
SBY 12:28:10 [request_cover] prep: Warning: Wire Fr198Gpio.\pad_oe [12] is used but has no driver.
SBY 12:28:10 [request_cover] prep: Warning: Wire Fr198Gpio.\pad_oe [11] is used but has no driver.
SBY 12:28:10 [request_cover] prep: Warning: Wire Fr198Gpio.\pad_oe [10] is used but has no driver.
SBY 12:28:10 [request_cover] prep: Warning: Wire Fr198Gpio.\pad_oe [9] is used but has no driver.
SBY 12:28:10 [request_cover] prep: Warning: Wire Fr198Gpio.\pad_oe [8] is used but has no driver.
SBY 12:28:10 [request_cover] prep: Warning: Wire Fr198Gpio.\pad_oe [7] is used but has no driver.
SBY 12:28:10 [request_cover] prep: Warning: Wire Fr198Gpio.\pad_oe [6] is used but has no driver.
SBY 12:28:10 [request_cover] prep: Warning: Wire Fr198Gpio.\pad_oe [5] is used but has no driver.
SBY 12:28:10 [request_cover] prep: Warning: Wire Fr198Gpio.\pad_oe [4] is used but has no driver.
SBY 12:28:10 [request_cover] prep: Warning: Wire Fr198Gpio.\pad_oe [3] is used but has no driver.
SBY 12:28:10 [request_cover] prep: Warning: Wire Fr198Gpio.\pad_oe [2] is used but has no driver.
SBY 12:28:10 [request_cover] prep: Warning: Wire Fr198Gpio.\pad_oe [1] is used but has no driver.
SBY 12:28:10 [request_cover] prep: Warning: Wire Fr198Gpio.\pad_oe [0] is used but has no driver.
SBY 12:28:10 [request_cover] prep: Warning: Wire Fr198Gpio.\error [1] is used but has no driver.
SBY 12:28:10 [request_cover] prep: Warning: Wire Fr198Gpio.\error [0] is used but has no driver.
SBY 12:28:10 [request_cover] prep: Warning: Wire Fr198Irq.\rsp_valid is used but has no driver.
SBY 12:28:10 [request_cover] prep: Warning: Wire Fr198Irq.\req_ready is used but has no driver.
SBY 12:28:10 [request_cover] prep: Warning: Wire Fr198Irq.\rdata [31] is used but has no driver.
SBY 12:28:10 [request_cover] prep: Warning: Wire Fr198Irq.\rdata [30] is used but has no driver.
SBY 12:28:10 [request_cover] prep: Warning: Wire Fr198Irq.\rdata [29] is used but has no driver.
SBY 12:28:10 [request_cover] prep: Warning: Wire Fr198Irq.\rdata [28] is used but has no driver.
SBY 12:28:10 [request_cover] prep: Warning: Wire Fr198Irq.\rdata [27] is used but has no driver.
SBY 12:28:10 [request_cover] prep: Warning: Wire Fr198Irq.\rdata [26] is used but has no driver.
SBY 12:28:10 [request_cover] prep: Warning: Wire Fr198Irq.\rdata [25] is used but has no driver.
SBY 12:28:10 [request_cover] prep: Warning: Wire Fr198Irq.\rdata [24] is used but has no driver.
SBY 12:28:10 [request_cover] prep: Warning: Wire Fr198Irq.\rdata [23] is used but has no driver.
SBY 12:28:10 [request_cover] prep: Warning: Wire Fr198Irq.\rdata [22] is used but has no driver.
SBY 12:28:10 [request_cover] prep: Warning: Wire Fr198Irq.\rdata [21] is used but has no driver.
SBY 12:28:10 [request_cover] prep: Warning: Wire Fr198Irq.\rdata [20] is used but has no driver.
SBY 12:28:10 [request_cover] prep: Warning: Wire Fr198Irq.\rdata [19] is used but has no driver.
SBY 12:28:10 [request_cover] prep: Warning: Wire Fr198Irq.\rdata [18] is used but has no driver.
SBY 12:28:10 [request_cover] prep: Warning: Wire Fr198Irq.\rdata [17] is used but has no driver.
SBY 12:28:10 [request_cover] prep: Warning: Wire Fr198Irq.\rdata [16] is used but has no driver.
SBY 12:28:10 [request_cover] prep: Warning: Wire Fr198Irq.\rdata [15] is used but has no driver.
SBY 12:28:10 [request_cover] prep: Warning: Wire Fr198Irq.\rdata [14] is used but has no driver.
SBY 12:28:10 [request_cover] prep: Warning: Wire Fr198Irq.\rdata [13] is used but has no driver.
SBY 12:28:10 [request_cover] prep: Warning: Wire Fr198Irq.\rdata [12] is used but has no driver.
SBY 12:28:10 [request_cover] prep: Warning: Wire Fr198Irq.\rdata [11] is used but has no driver.
SBY 12:28:10 [request_cover] prep: Warning: Wire Fr198Irq.\rdata [10] is used but has no driver.
SBY 12:28:10 [request_cover] prep: Warning: Wire Fr198Irq.\rdata [9] is used but has no driver.
SBY 12:28:10 [request_cover] prep: Warning: Wire Fr198Irq.\rdata [8] is used but has no driver.
SBY 12:28:10 [request_cover] prep: Warning: Wire Fr198Irq.\rdata [7] is used but has no driver.
SBY 12:28:10 [request_cover] prep: Warning: Wire Fr198Irq.\rdata [6] is used but has no driver.
SBY 12:28:10 [request_cover] prep: Warning: Wire Fr198Irq.\rdata [5] is used but has no driver.
SBY 12:28:10 [request_cover] prep: Warning: Wire Fr198Irq.\rdata [4] is used but has no driver.
SBY 12:28:10 [request_cover] prep: Warning: Wire Fr198Irq.\rdata [3] is used but has no driver.
SBY 12:28:10 [request_cover] prep: Warning: Wire Fr198Irq.\rdata [2] is used but has no driver.
SBY 12:28:10 [request_cover] prep: Warning: Wire Fr198Irq.\rdata [1] is used but has no driver.
SBY 12:28:10 [request_cover] prep: Warning: Wire Fr198Irq.\rdata [0] is used but has no driver.
SBY 12:28:10 [request_cover] prep: Warning: Wire Fr198Irq.\irq is used but has no driver.
SBY 12:28:10 [request_cover] prep: Warning: Wire Fr198Irq.\error [1] is used but has no driver.
SBY 12:28:10 [request_cover] prep: Warning: Wire Fr198Irq.\error [0] is used but has no driver.
SBY 12:28:10 [request_cover] prep: Warning: Wire Fr198Timer.\rsp_valid is used but has no driver.
SBY 12:28:10 [request_cover] prep: Warning: Wire Fr198Timer.\req_ready is used but has no driver.
SBY 12:28:10 [request_cover] prep: Warning: Wire Fr198Timer.\rdata [31] is used but has no driver.
SBY 12:28:10 [request_cover] prep: Warning: Wire Fr198Timer.\rdata [30] is used but has no driver.
SBY 12:28:10 [request_cover] prep: Warning: Wire Fr198Timer.\rdata [29] is used but has no driver.
SBY 12:28:10 [request_cover] prep: Warning: Wire Fr198Timer.\rdata [28] is used but has no driver.
SBY 12:28:10 [request_cover] prep: Warning: Wire Fr198Timer.\rdata [27] is used but has no driver.
SBY 12:28:10 [request_cover] prep: Warning: Wire Fr198Timer.\rdata [26] is used but has no driver.
SBY 12:28:10 [request_cover] prep: Warning: Wire Fr198Timer.\rdata [25] is used but has no driver.
SBY 12:28:10 [request_cover] prep: Warning: Wire Fr198Timer.\rdata [24] is used but has no driver.
SBY 12:28:10 [request_cover] prep: Warning: Wire Fr198Timer.\rdata [23] is used but has no driver.
SBY 12:28:10 [request_cover] prep: Warning: Wire Fr198Timer.\rdata [22] is used but has no driver.
SBY 12:28:10 [request_cover] prep: Warning: Wire Fr198Timer.\rdata [21] is used but has no driver.
SBY 12:28:10 [request_cover] prep: Warning: Wire Fr198Timer.\rdata [20] is used but has no driver.
SBY 12:28:10 [request_cover] prep: Warning: Wire Fr198Timer.\rdata [19] is used but has no driver.
SBY 12:28:10 [request_cover] prep: Warning: Wire Fr198Timer.\rdata [18] is used but has no driver.
SBY 12:28:10 [request_cover] prep: Warning: Wire Fr198Timer.\rdata [17] is used but has no driver.
SBY 12:28:10 [request_cover] prep: Warning: Wire Fr198Timer.\rdata [16] is used but has no driver.
SBY 12:28:10 [request_cover] prep: Warning: Wire Fr198Timer.\rdata [15] is used but has no driver.
SBY 12:28:10 [request_cover] prep: Warning: Wire Fr198Timer.\rdata [14] is used but has no driver.
SBY 12:28:10 [request_cover] prep: Warning: Wire Fr198Timer.\rdata [13] is used but has no driver.
SBY 12:28:10 [request_cover] prep: Warning: Wire Fr198Timer.\rdata [12] is used but has no driver.
SBY 12:28:10 [request_cover] prep: Warning: Wire Fr198Timer.\rdata [11] is used but has no driver.
SBY 12:28:10 [request_cover] prep: Warning: Wire Fr198Timer.\rdata [10] is used but has no driver.
SBY 12:28:10 [request_cover] prep: Warning: Wire Fr198Timer.\rdata [9] is used but has no driver.
SBY 12:28:10 [request_cover] prep: Warning: Wire Fr198Timer.\rdata [8] is used but has no driver.
SBY 12:28:10 [request_cover] prep: Warning: Wire Fr198Timer.\rdata [7] is used but has no driver.
SBY 12:28:10 [request_cover] prep: Warning: Wire Fr198Timer.\rdata [6] is used but has no driver.
SBY 12:28:10 [request_cover] prep: Warning: Wire Fr198Timer.\rdata [5] is used but has no driver.
SBY 12:28:10 [request_cover] prep: Warning: Wire Fr198Timer.\rdata [4] is used but has no driver.
SBY 12:28:10 [request_cover] prep: Warning: Wire Fr198Timer.\rdata [3] is used but has no driver.
SBY 12:28:10 [request_cover] prep: Warning: Wire Fr198Timer.\rdata [2] is used but has no driver.
SBY 12:28:10 [request_cover] prep: Warning: Wire Fr198Timer.\rdata [1] is used but has no driver.
SBY 12:28:10 [request_cover] prep: Warning: Wire Fr198Timer.\rdata [0] is used but has no driver.
SBY 12:28:10 [request_cover] prep: Warning: Wire Fr198Timer.\match_event is used but has no driver.
SBY 12:28:10 [request_cover] prep: Warning: Wire Fr198Timer.\error [1] is used but has no driver.
SBY 12:28:10 [request_cover] prep: Warning: Wire Fr198Timer.\error [0] is used but has no driver.
SBY 12:28:10 [request_cover] prep: Warning: Wire Fr198Uart.\tx is used but has no driver.
SBY 12:28:10 [request_cover] prep: Warning: Wire Fr198Uart.\rsp_valid is used but has no driver.
SBY 12:28:10 [request_cover] prep: Warning: Wire Fr198Uart.\req_ready is used but has no driver.
SBY 12:28:10 [request_cover] prep: Warning: Wire Fr198Uart.\rdata [31] is used but has no driver.
SBY 12:28:10 [request_cover] prep: Warning: Wire Fr198Uart.\rdata [30] is used but has no driver.
SBY 12:28:10 [request_cover] prep: Warning: Wire Fr198Uart.\rdata [29] is used but has no driver.
SBY 12:28:10 [request_cover] prep: Warning: Wire Fr198Uart.\rdata [28] is used but has no driver.
SBY 12:28:10 [request_cover] prep: Warning: Wire Fr198Uart.\rdata [27] is used but has no driver.
SBY 12:28:10 [request_cover] prep: Warning: Wire Fr198Uart.\rdata [26] is used but has no driver.
SBY 12:28:10 [request_cover] prep: Warning: Wire Fr198Uart.\rdata [25] is used but has no driver.
SBY 12:28:10 [request_cover] prep: Warning: Wire Fr198Uart.\rdata [24] is used but has no driver.
SBY 12:28:10 [request_cover] prep: Warning: Wire Fr198Uart.\rdata [23] is used but has no driver.
SBY 12:28:10 [request_cover] prep: Warning: Wire Fr198Uart.\rdata [22] is used but has no driver.
SBY 12:28:10 [request_cover] prep: Warning: Wire Fr198Uart.\rdata [21] is used but has no driver.
SBY 12:28:10 [request_cover] prep: Warning: Wire Fr198Uart.\rdata [20] is used but has no driver.
SBY 12:28:10 [request_cover] prep: Warning: Wire Fr198Uart.\rdata [19] is used but has no driver.
SBY 12:28:10 [request_cover] prep: Warning: Wire Fr198Uart.\rdata [18] is used but has no driver.
SBY 12:28:10 [request_cover] prep: Warning: Wire Fr198Uart.\rdata [17] is used but has no driver.
SBY 12:28:10 [request_cover] prep: Warning: Wire Fr198Uart.\rdata [16] is used but has no driver.
SBY 12:28:10 [request_cover] prep: Warning: Wire Fr198Uart.\rdata [15] is used but has no driver.
SBY 12:28:10 [request_cover] prep: Warning: Wire Fr198Uart.\rdata [14] is used but has no driver.
SBY 12:28:10 [request_cover] prep: Warning: Wire Fr198Uart.\rdata [13] is used but has no driver.
SBY 12:28:10 [request_cover] prep: Warning: Wire Fr198Uart.\rdata [12] is used but has no driver.
SBY 12:28:10 [request_cover] prep: Warning: Wire Fr198Uart.\rdata [11] is used but has no driver.
SBY 12:28:10 [request_cover] prep: Warning: Wire Fr198Uart.\rdata [10] is used but has no driver.
SBY 12:28:10 [request_cover] prep: Warning: Wire Fr198Uart.\rdata [9] is used but has no driver.
SBY 12:28:10 [request_cover] prep: Warning: Wire Fr198Uart.\rdata [8] is used but has no driver.
SBY 12:28:10 [request_cover] prep: Warning: Wire Fr198Uart.\rdata [7] is used but has no driver.
SBY 12:28:10 [request_cover] prep: Warning: Wire Fr198Uart.\rdata [6] is used but has no driver.
SBY 12:28:10 [request_cover] prep: Warning: Wire Fr198Uart.\rdata [5] is used but has no driver.
SBY 12:28:10 [request_cover] prep: Warning: Wire Fr198Uart.\rdata [4] is used but has no driver.
SBY 12:28:10 [request_cover] prep: Warning: Wire Fr198Uart.\rdata [3] is used but has no driver.
SBY 12:28:10 [request_cover] prep: Warning: Wire Fr198Uart.\rdata [2] is used but has no driver.
SBY 12:28:10 [request_cover] prep: Warning: Wire Fr198Uart.\rdata [1] is used but has no driver.
SBY 12:28:10 [request_cover] prep: Warning: Wire Fr198Uart.\rdata [0] is used but has no driver.
SBY 12:28:10 [request_cover] prep: Warning: Wire Fr198Uart.\raw_events [3] is used but has no driver.
SBY 12:28:10 [request_cover] prep: Warning: Wire Fr198Uart.\raw_events [2] is used but has no driver.
SBY 12:28:10 [request_cover] prep: Warning: Wire Fr198Uart.\raw_events [1] is used but has no driver.
SBY 12:28:10 [request_cover] prep: Warning: Wire Fr198Uart.\raw_events [0] is used but has no driver.
SBY 12:28:10 [request_cover] prep: Warning: Wire Fr198Uart.\error [1] is used but has no driver.
SBY 12:28:10 [request_cover] prep: Warning: Wire Fr198Uart.\error [0] is used but has no driver.
SBY 12:28:10 [request_cover] prep: finished (returncode=0)
SBY 12:28:10 [request_cover] smt2: starting process &quot;cd request_cover/model; yosys -ql design_smt2.log design_smt2.ys&quot;
SBY 12:28:10 [request_cover] smt2: finished (returncode=0)
SBY 12:28:10 [request_cover] engine_0: starting process &quot;cd request_cover; yosys-smtbmc -s z3 --presat --unroll -c --noprogress -t 8  --append 0 --dump-vcd engine_0/trace%.vcd --dump-yw engine_0/trace%.yw --dump-vlogtb engine_0/trace%_tb.v --dump-smtc engine_0/trace%.smtc model/design_smt2.smt2&quot;
SBY 12:28:10 [request_cover] engine_0: ##   0:00:00  Solver: z3
SBY 12:28:10 [request_cover] engine_0: ##   0:00:00  Checking cover reachability in step 0..
SBY 12:28:11 [request_cover] engine_0: ##   0:00:00  Checking cover reachability in step 1..
SBY 12:28:11 [request_cover] engine_0: ##   0:00:00  Checking cover reachability in step 2..
SBY 12:28:11 [request_cover] engine_0: ##   0:00:00  Reached cover statement at design.v:3200.8-3201.35 ($cover$design.v:3200$434) in step 2.
SBY 12:28:11 [request_cover] engine_0: ##   0:00:00  Writing trace to VCD file: engine_0/trace0.vcd
SBY 12:28:11 [request_cover] engine_0: ##   0:00:00  Writing trace to Verilog testbench: engine_0/trace0_tb.v
SBY 12:28:11 [request_cover] engine_0: ##   0:00:00  Writing trace to constraints file: engine_0/trace0.smtc
SBY 12:28:11 [request_cover] engine_0: ##   0:00:00  Writing trace to Yosys witness file: engine_0/trace0.yw
SBY 12:28:11 [request_cover] engine_0: ##   0:00:00  Checking cover reachability in step 2..
SBY 12:28:11 [request_cover] engine_0: ##   0:00:00  Checking cover reachability in step 3..
SBY 12:28:11 [request_cover] engine_0: ##   0:00:00  Checking cover reachability in step 4..
SBY 12:28:11 [request_cover] engine_0: ##   0:00:00  Checking cover reachability in step 5..
SBY 12:28:11 [request_cover] engine_0: ##   0:00:00  Reached cover statement at design.v:3201.36-3202.53 ($cover$design.v:3201$435) in step 5.
SBY 12:28:11 [request_cover] engine_0: ##   0:00:00  Writing trace to VCD file: engine_0/trace1.vcd
SBY 12:28:11 [request_cover] engine_0: ##   0:00:00  Writing trace to Verilog testbench: engine_0/trace1_tb.v
SBY 12:28:11 [request_cover] engine_0: ##   0:00:00  Writing trace to constraints file: engine_0/trace1.smtc
SBY 12:28:11 [request_cover] engine_0: ##   0:00:00  Writing trace to Yosys witness file: engine_0/trace1.yw
SBY 12:28:11 [request_cover] engine_0: ##   0:00:00  Checking cover reachability in step 5..
SBY 12:28:11 [request_cover] engine_0: ##   0:00:00  Reached cover statement at design.v:3245.8-3246.121 ($cover$design.v:3245$443) in step 5.
SBY 12:28:11 [request_cover] engine_0: ##   0:00:00  Writing trace to VCD file: engine_0/trace2.vcd
SBY 12:28:12 [request_cover] engine_0: ##   0:00:01  Writing trace to Verilog testbench: engine_0/trace2_tb.v
SBY 12:28:12 [request_cover] engine_0: ##   0:00:01  Writing trace to constraints file: engine_0/trace2.smtc
SBY 12:28:12 [request_cover] engine_0: ##   0:00:01  Writing trace to Yosys witness file: engine_0/trace2.yw
SBY 12:28:12 [request_cover] engine_0: ##   0:00:01  Checking cover reachability in step 5..
SBY 12:28:12 [request_cover] engine_0: ##   0:00:01  Reached cover statement at design.v:3246.122-3247.120 ($cover$design.v:3246$444) in step 5.
SBY 12:28:12 [request_cover] engine_0: ##   0:00:01  Writing trace to VCD file: engine_0/trace3.vcd
SBY 12:28:12 [request_cover] engine_0: ##   0:00:01  Writing trace to Verilog testbench: engine_0/trace3_tb.v
SBY 12:28:12 [request_cover] engine_0: ##   0:00:01  Writing trace to constraints file: engine_0/trace3.smtc
SBY 12:28:12 [request_cover] engine_0: ##   0:00:01  Writing trace to Yosys witness file: engine_0/trace3.yw
SBY 12:28:12 [request_cover] engine_0: ##   0:00:01  Checking cover reachability in step 5..
SBY 12:28:12 [request_cover] engine_0: ##   0:00:01  Checking cover reachability in step 6..
SBY 12:28:12 [request_cover] engine_0: ##   0:00:01  Reached cover statement at design.v:3247.121-3248.102 ($cover$design.v:3247$445) in step 6.
SBY 12:28:12 [request_cover] engine_0: ##   0:00:01  Writing trace to VCD file: engine_0/trace4.vcd
SBY 12:28:12 [request_cover] engine_0: ##   0:00:01  Writing trace to Verilog testbench: engine_0/trace4_tb.v
SBY 12:28:12 [request_cover] engine_0: ##   0:00:01  Writing trace to constraints file: engine_0/trace4.smtc
SBY 12:28:12 [request_cover] engine_0: ##   0:00:01  Writing trace to Yosys witness file: engine_0/trace4.yw
SBY 12:28:13 [request_cover] engine_0: ##   0:00:02  Status: passed
SBY 12:28:13 [request_cover] engine_0: finished (returncode=0)
SBY 12:28:13 [request_cover] engine_0: Status returned by engine: pass
SBY 12:28:13 [request_cover] summary: Elapsed clock time [H:MM:SS (secs)]: 0:00:02 (2)
SBY 12:28:13 [request_cover] summary: Elapsed process time [H:MM:SS (secs)]: 0:00:03 (3)
SBY 12:28:13 [request_cover] summary: engine_0 (smtbmc --unroll z3) returned pass
SBY 12:28:13 [request_cover] summary: trace: request_cover/engine_0/trace0.vcd
SBY 12:28:13 [request_cover] summary: trace: request_cover/engine_0/trace1.vcd
SBY 12:28:13 [request_cover] summary: trace: request_cover/engine_0/trace2.vcd
SBY 12:28:13 [request_cover] summary: trace: request_cover/engine_0/trace3.vcd
SBY 12:28:13 [request_cover] summary: trace: request_cover/engine_0/trace4.vcd
SBY 12:28:13 [request_cover] DONE (PASS, rc=0)
</system-out>
<system-err>
</system-err>
</testsuite>
</testsuites>
